<?xml version='1.1' encoding='UTF-8'?>
<result plugin="junit@1160.vf1f01a_a_ea_b_7f">
  <suites>
    <suite>
      <file>D:\pythonProject\PythonSelfFramework\tests\result.xml</file>
      <name>pytest</name>
      <duration>33.686</duration>
      <timestamp>2022-11-19T01:50:03.510358</timestamp>
      <time>33.686</time>
      <enclosingBlocks/>
      <enclosingBlockNames/>
      <cases>
        <case>
          <duration>27.777</duration>
          <className>test_e2e.TestOne</className>
          <testName>test_e2e</testName>
          <skipped>false</skipped>
          <failedSince>0</failedSince>
        </case>
        <case>
          <duration>4.873</duration>
          <className>test_home.TestHome</className>
          <testName>test_form_submission[getData0]</testName>
          <skipped>false</skipped>
          <failedSince>0</failedSince>
        </case>
        <case>
          <duration>0.952</duration>
          <className>test_home.TestHome</className>
          <testName>test_form_submission[getData1]</testName>
          <skipped>false</skipped>
          <failedSince>0</failedSince>
        </case>
      </cases>
    </suite>
  </suites>
  <duration>33.686</duration>
  <skipOldReports>false</skipOldReports>
  <keepLongStdio>false</keepLongStdio>
</result>